638158937
644568169
556570894
639691474
645761356
644515924
644787543
644153825
644163176
642842194
639306885
643713221
642894594
644639243
644528371
645760156
644200863
642897633
646093457
646093474
641003662
646091799
643391761
646146528
643632488
643699365
646248898
644480012
645964575
643819246
643585610
641674522
646171916
644234854
264394656
645735972
644226890
644048088
641775966
645869332
641984966
645487250
645969646
643217219
646172562
638744195
641999269
642875211
639865833
337455049
644637224
646083482
642316282
641693725
642155383
644007977
639927162
638714601
641915788
645605376
644915742
643580164
639990562
644637026
644339337
642025017
644481936
646158956
646362874
640625149
644761150
645616357
644431255
642282246
645723649
638027157
645636642
645620371
643124356
643319631
643608705
639210075
638470263
645397449
112711154
645926338
645821568
645897645
121562576
641123065
642020503
642235175
645644797
642112243
644915020
640894090
640474821
646350469
638536103
646160174
